<?xml version="1.0" encoding="UTF-8"?>
<!-- Generated by org.testng.reporters.JUnitReportReporter -->
<testsuite hostname="MT-31195758H" failures="0" tests="2" name="Assignments.Assignment1" time="24.300" errors="0" timestamp="2021-10-25T14:11:53 IST" skipped="0">
  <testcase classname="Assignments.Assignment1" name="chromeDriver" time="6.571"/>
  <system-out/>
  <testcase classname="Assignments.Assignment1" name="edgeDriver" time="17.729"/>
  <system-out/>
</testsuite> <!-- Assignments.Assignment1 -->
